dvdsimple:///dev/cdrom#1:1 ***********************************************
complete 2 /home/arribajim/Videos/season02d4cap11.mp4
total 8
drwxr-xr-x  2 arribajim arribajim 4096 Mar 30 15:50 .
drwxr-xr-x 23 arribajim arribajim 4096 Jul 29 05:16 ..
dvdsimple:///dev/cdrom#2:1 ***********************************************
complete 2 /home/arribajim/Videos/season02d4cap12.mp4
total 8
drwxr-xr-x  2 arribajim arribajim 4096 Mar 30 15:50 .
drwxr-xr-x 23 arribajim arribajim 4096 Jul 29 05:16 ..
dvdsimple:///dev/cdrom#3:1 ***********************************************
complete 2 /home/arribajim/Videos/season02d4cap13.mp4
total 8
drwxr-xr-x  2 arribajim arribajim 4096 Mar 30 15:50 .
drwxr-xr-x 23 arribajim arribajim 4096 Jul 29 05:16 ..
dvdsimple:///dev/cdrom#4:1 ***********************************************
complete 2 /home/arribajim/Videos/season02d4cap14.mp4
total 8
drwxr-xr-x  2 arribajim arribajim 4096 Mar 30 15:50 .
drwxr-xr-x 23 arribajim arribajim 4096 Jul 29 05:16 ..
dvdsimple:///dev/cdrom#5:1 ***********************************************
complete 2 /home/arribajim/Videos/season02d4cap15.mp4
total 8
drwxr-xr-x  2 arribajim arribajim 4096 Mar 30 15:50 .
drwxr-xr-x 23 arribajim arribajim 4096 Jul 29 05:16 ..
dvdsimple:///dev/cdrom#6:1 ***********************************************
complete 2 /home/arribajim/Videos/season02d4cap16.mp4
total 8
drwxr-xr-x  2 arribajim arribajim 4096 Mar 30 15:50 .
drwxr-xr-x 23 arribajim arribajim 4096 Jul 29 05:16 ..
Done
dvdsimple:///dev/cdrom#1:1 ***********************************************
dvdsimple:///dev/cdrom#1:1 ***********************************************
dvdsimple:///dev/cdrom#4:1 ***********************************************
dvdsimple:///dev/cdrom#5:1 ***********************************************
dvdsimple:///dev/cdrom#6:1 ***********************************************
dvdsimple:///dev/cdrom#1:1 ***********************************************
complete  /home/arribajim/Videos/season02d3cap11.mp4
total 4328572
drwxr-xr-x  2 arribajim arribajim      4096 Jul 29 15:11 .
drwxr-xr-x 23 arribajim arribajim      4096 Jul 29 05:16 ..
-rw-rw-r--  1 arribajim arribajim  13276072 Jul 29 15:12 season02d3cap0.mp4
-rw-rw-r--  1 arribajim arribajim 742872794 Jul 29 06:22 season02d4cap01.mp4
-rw-rw-r--  1 arribajim arribajim 738339743 Jul 29 07:07 season02d4cap02.mp4
-rw-rw-r--  1 arribajim arribajim 738873044 Jul 29 12:38 season02d4cap03.mp4
-rw-rw-r--  1 arribajim arribajim 739584486 Jul 29 13:14 season02d4cap04.mp4
-rw-rw-r--  1 arribajim arribajim 729353436 Jul 29 13:54 season02d4cap05.mp4
-rw-rw-r--  1 arribajim arribajim 730113533 Jul 29 14:39 season02d4cap06.mp4
dvdsimple:///dev/cdrom#2:1 ***********************************************
complete  /home/arribajim/Videos/season02d3cap12.mp4
total 4328572
drwxr-xr-x  2 arribajim arribajim      4096 Jul 29 15:11 .
drwxr-xr-x 23 arribajim arribajim      4096 Jul 29 05:16 ..
-rw-rw-r--  1 arribajim arribajim  13276072 Jul 29 15:12 season02d3cap0.mp4
-rw-rw-r--  1 arribajim arribajim 742872794 Jul 29 06:22 season02d4cap01.mp4
-rw-rw-r--  1 arribajim arribajim 738339743 Jul 29 07:07 season02d4cap02.mp4
-rw-rw-r--  1 arribajim arribajim 738873044 Jul 29 12:38 season02d4cap03.mp4
-rw-rw-r--  1 arribajim arribajim 739584486 Jul 29 13:14 season02d4cap04.mp4
-rw-rw-r--  1 arribajim arribajim 729353436 Jul 29 13:54 season02d4cap05.mp4
-rw-rw-r--  1 arribajim arribajim 730113533 Jul 29 14:39 season02d4cap06.mp4
dvdsimple:///dev/cdrom#3:1 ***********************************************
complete  /home/arribajim/Videos/season02d3cap13.mp4
total 4328572
drwxr-xr-x  2 arribajim arribajim      4096 Jul 29 15:11 .
drwxr-xr-x 23 arribajim arribajim      4096 Jul 29 05:16 ..
-rw-rw-r--  1 arribajim arribajim  13276072 Jul 29 15:12 season02d3cap0.mp4
-rw-rw-r--  1 arribajim arribajim 742872794 Jul 29 06:22 season02d4cap01.mp4
-rw-rw-r--  1 arribajim arribajim 738339743 Jul 29 07:07 season02d4cap02.mp4
-rw-rw-r--  1 arribajim arribajim 738873044 Jul 29 12:38 season02d4cap03.mp4
-rw-rw-r--  1 arribajim arribajim 739584486 Jul 29 13:14 season02d4cap04.mp4
-rw-rw-r--  1 arribajim arribajim 729353436 Jul 29 13:54 season02d4cap05.mp4
-rw-rw-r--  1 arribajim arribajim 730113533 Jul 29 14:39 season02d4cap06.mp4
dvdsimple:///dev/cdrom#4:1 ***********************************************
complete  /home/arribajim/Videos/season02d3cap14.mp4
total 4328572
drwxr-xr-x  2 arribajim arribajim      4096 Jul 29 15:11 .
drwxr-xr-x 23 arribajim arribajim      4096 Jul 29 05:16 ..
-rw-rw-r--  1 arribajim arribajim  13276072 Jul 29 15:12 season02d3cap0.mp4
-rw-rw-r--  1 arribajim arribajim 742872794 Jul 29 06:22 season02d4cap01.mp4
-rw-rw-r--  1 arribajim arribajim 738339743 Jul 29 07:07 season02d4cap02.mp4
-rw-rw-r--  1 arribajim arribajim 738873044 Jul 29 12:38 season02d4cap03.mp4
-rw-rw-r--  1 arribajim arribajim 739584486 Jul 29 13:14 season02d4cap04.mp4
-rw-rw-r--  1 arribajim arribajim 729353436 Jul 29 13:54 season02d4cap05.mp4
-rw-rw-r--  1 arribajim arribajim 730113533 Jul 29 14:39 season02d4cap06.mp4
dvdsimple:///dev/cdrom#5:1 ***********************************************
complete  /home/arribajim/Videos/season02d3cap15.mp4
total 4328572
drwxr-xr-x  2 arribajim arribajim      4096 Jul 29 15:11 .
drwxr-xr-x 23 arribajim arribajim      4096 Jul 29 05:16 ..
-rw-rw-r--  1 arribajim arribajim  13276072 Jul 29 15:12 season02d3cap0.mp4
-rw-rw-r--  1 arribajim arribajim 742872794 Jul 29 06:22 season02d4cap01.mp4
-rw-rw-r--  1 arribajim arribajim 738339743 Jul 29 07:07 season02d4cap02.mp4
-rw-rw-r--  1 arribajim arribajim 738873044 Jul 29 12:38 season02d4cap03.mp4
-rw-rw-r--  1 arribajim arribajim 739584486 Jul 29 13:14 season02d4cap04.mp4
-rw-rw-r--  1 arribajim arribajim 729353436 Jul 29 13:54 season02d4cap05.mp4
-rw-rw-r--  1 arribajim arribajim 730113533 Jul 29 14:39 season02d4cap06.mp4
dvdsimple:///dev/cdrom#6:1 ***********************************************
complete  /home/arribajim/Videos/season02d3cap16.mp4
total 4328572
drwxr-xr-x  2 arribajim arribajim      4096 Jul 29 15:11 .
drwxr-xr-x 23 arribajim arribajim      4096 Jul 29 05:16 ..
-rw-rw-r--  1 arribajim arribajim  13276072 Jul 29 15:12 season02d3cap0.mp4
-rw-rw-r--  1 arribajim arribajim 742872794 Jul 29 06:22 season02d4cap01.mp4
-rw-rw-r--  1 arribajim arribajim 738339743 Jul 29 07:07 season02d4cap02.mp4
-rw-rw-r--  1 arribajim arribajim 738873044 Jul 29 12:38 season02d4cap03.mp4
-rw-rw-r--  1 arribajim arribajim 739584486 Jul 29 13:14 season02d4cap04.mp4
-rw-rw-r--  1 arribajim arribajim 729353436 Jul 29 13:54 season02d4cap05.mp4
-rw-rw-r--  1 arribajim arribajim 730113533 Jul 29 14:39 season02d4cap06.mp4
Done
dvdsimple:///dev/cdrom#1:1 ***********************************************
complete  /home/arribajim/Videos/season02d3cap11.mp4
total 711776
drwxr-xr-x  3 arribajim arribajim      4096 Jul 29 15:13 .
drwxr-xr-x 23 arribajim arribajim      4096 Jul 29 05:16 ..
drwxrwxr-x  2 arribajim arribajim      4096 Jul 29 15:13 season02
-rw-rw-r--  1 arribajim arribajim 728839159 Jul 29 16:00 season02d3cap01.mp4
dvdsimple:///dev/cdrom#2:1 ***********************************************
complete  /home/arribajim/Videos/season02d3cap12.mp4
total 1426716
drwxr-xr-x  3 arribajim arribajim      4096 Jul 29 16:00 .
drwxr-xr-x 23 arribajim arribajim      4096 Jul 29 05:16 ..
drwxrwxr-x  2 arribajim arribajim      4096 Jul 29 15:13 season02
-rw-rw-r--  1 arribajim arribajim 728839159 Jul 29 16:00 season02d3cap01.mp4
-rw-rw-r--  1 arribajim arribajim 732090437 Jul 29 16:27 season02d3cap02.mp4
dvdsimple:///dev/cdrom#3:1 ***********************************************
complete  /home/arribajim/Videos/season02d3cap13.mp4
total 2143532
drwxr-xr-x  3 arribajim arribajim      4096 Jul 29 16:27 .
drwxr-xr-x 23 arribajim arribajim      4096 Jul 29 05:16 ..
drwxrwxr-x  2 arribajim arribajim      4096 Jul 29 15:13 season02
-rw-rw-r--  1 arribajim arribajim 728839159 Jul 29 16:00 season02d3cap01.mp4
-rw-rw-r--  1 arribajim arribajim 732090437 Jul 29 16:27 season02d3cap02.mp4
-rw-rw-r--  1 arribajim arribajim 734014108 Jul 29 16:54 season02d3cap03.mp4
dvdsimple:///dev/cdrom#4:1 ***********************************************
complete  /home/arribajim/Videos/season02d3cap14.mp4
total 2860556
drwxr-xr-x  3 arribajim arribajim      4096 Jul 29 16:54 .
drwxr-xr-x 23 arribajim arribajim      4096 Jul 29 05:16 ..
drwxrwxr-x  2 arribajim arribajim      4096 Jul 29 15:13 season02
-rw-rw-r--  1 arribajim arribajim 728839159 Jul 29 16:00 season02d3cap01.mp4
-rw-rw-r--  1 arribajim arribajim 732090437 Jul 29 16:27 season02d3cap02.mp4
-rw-rw-r--  1 arribajim arribajim 734014108 Jul 29 16:54 season02d3cap03.mp4
-rw-rw-r--  1 arribajim arribajim 734224627 Jul 29 17:22 season02d3cap04.mp4
dvdsimple:///dev/cdrom#5:1 ***********************************************
complete  /home/arribajim/Videos/season02d3cap15.mp4
total 2899100
drwxr-xr-x  3 arribajim arribajim      4096 Jul 29 17:22 .
drwxr-xr-x 23 arribajim arribajim      4096 Jul 29 05:16 ..
drwxrwxr-x  2 arribajim arribajim      4096 Jul 29 15:13 season02
-rw-rw-r--  1 arribajim arribajim 728839159 Jul 29 16:00 season02d3cap01.mp4
-rw-rw-r--  1 arribajim arribajim 732090437 Jul 29 16:27 season02d3cap02.mp4
-rw-rw-r--  1 arribajim arribajim 734014108 Jul 29 16:54 season02d3cap03.mp4
-rw-rw-r--  1 arribajim arribajim 734224627 Jul 29 17:22 season02d3cap04.mp4
-rw-rw-r--  1 arribajim arribajim  39467464 Jul 29 17:23 season02d3cap05.mp4
dvdsimple:///dev/cdrom#6:1 ***********************************************
complete  /home/arribajim/Videos/season02d3cap16.mp4
total 3065748
drwxr-xr-x  3 arribajim arribajim      4096 Jul 29 17:23 .
drwxr-xr-x 23 arribajim arribajim      4096 Jul 29 05:16 ..
drwxrwxr-x  2 arribajim arribajim      4096 Jul 29 15:13 season02
-rw-rw-r--  1 arribajim arribajim 728839159 Jul 29 16:00 season02d3cap01.mp4
-rw-rw-r--  1 arribajim arribajim 732090437 Jul 29 16:27 season02d3cap02.mp4
-rw-rw-r--  1 arribajim arribajim 734014108 Jul 29 16:54 season02d3cap03.mp4
-rw-rw-r--  1 arribajim arribajim 734224627 Jul 29 17:22 season02d3cap04.mp4
-rw-rw-r--  1 arribajim arribajim  39467464 Jul 29 17:23 season02d3cap05.mp4
-rw-rw-r--  1 arribajim arribajim 170640462 Jul 29 17:31 season02d3cap06.mp4
Done
dvdsimple:///dev/cdrom#1:1 ***********************************************
complete  /home/arribajim/Videos/season02d3cap11.mp4
total 67320
drwxr-xr-x  3 arribajim arribajim     4096 Jul 30 12:42 .
drwxr-xr-x 23 arribajim arribajim     4096 Jul 29 05:16 ..
drwxrwxr-x  2 arribajim arribajim     4096 Jul 30 12:23 season02
-rw-rw-r--  1 arribajim arribajim 68920298 Jul 30 12:45 season02d3cap01.mp4
dvdsimple:///dev/cdrom#2:1 ***********************************************
complete  /home/arribajim/Videos/season02d3cap12.mp4
total 71648
drwxr-xr-x  3 arribajim arribajim     4096 Jul 30 12:45 .
drwxr-xr-x 23 arribajim arribajim     4096 Jul 29 05:16 ..
drwxrwxr-x  2 arribajim arribajim     4096 Jul 30 12:23 season02
-rw-rw-r--  1 arribajim arribajim 68920298 Jul 30 12:45 season02d3cap01.mp4
-rw-rw-r--  1 arribajim arribajim  4429155 Jul 30 12:45 season02d3cap02.mp4
dvdsimple:///dev/cdrom#3:1 ***********************************************
complete  /home/arribajim/Videos/season02d3cap13.mp4
total 75240
drwxr-xr-x  3 arribajim arribajim     4096 Jul 30 12:45 .
drwxr-xr-x 23 arribajim arribajim     4096 Jul 29 05:16 ..
drwxrwxr-x  2 arribajim arribajim     4096 Jul 30 12:23 season02
-rw-rw-r--  1 arribajim arribajim 68920298 Jul 30 12:45 season02d3cap01.mp4
-rw-rw-r--  1 arribajim arribajim  4429155 Jul 30 12:45 season02d3cap02.mp4
-rw-rw-r--  1 arribajim arribajim  3675596 Jul 30 12:45 season02d3cap03.mp4
dvdsimple:///dev/cdrom#4:1 ***********************************************
dvdsimple:///dev/cdrom#1:1 ***********************************************
complete 3 /home/arribajim/Videos/season03d1cap01.mp4
total 12
drwxr-xr-x  3 arribajim arribajim 4096 Jul 30 12:45 .
drwxr-xr-x 23 arribajim arribajim 4096 Jul 29 05:16 ..
drwxrwxr-x  2 arribajim arribajim 4096 Jul 30 12:23 season02
dvdsimple:///dev/cdrom#2:1 ***********************************************
complete 3 /home/arribajim/Videos/season03d1cap02.mp4
total 12
drwxr-xr-x  3 arribajim arribajim 4096 Jul 30 12:45 .
drwxr-xr-x 23 arribajim arribajim 4096 Jul 29 05:16 ..
drwxrwxr-x  2 arribajim arribajim 4096 Jul 30 12:23 season02
dvdsimple:///dev/cdrom#3:1 ***********************************************
complete 3 /home/arribajim/Videos/season03d1cap03.mp4
total 12
drwxr-xr-x  3 arribajim arribajim 4096 Jul 30 12:45 .
drwxr-xr-x 23 arribajim arribajim 4096 Jul 29 05:16 ..
drwxrwxr-x  2 arribajim arribajim 4096 Jul 30 12:23 season02
dvdsimple:///dev/cdrom#4:1 ***********************************************
complete 3 /home/arribajim/Videos/season03d1cap04.mp4
total 12
drwxr-xr-x  3 arribajim arribajim 4096 Jul 30 12:45 .
drwxr-xr-x 23 arribajim arribajim 4096 Jul 29 05:16 ..
drwxrwxr-x  2 arribajim arribajim 4096 Jul 30 12:23 season02
dvdsimple:///dev/cdrom#5:1 ***********************************************
complete 3 /home/arribajim/Videos/season03d1cap05.mp4
total 12
drwxr-xr-x  3 arribajim arribajim 4096 Jul 30 12:45 .
drwxr-xr-x 23 arribajim arribajim 4096 Jul 29 05:16 ..
drwxrwxr-x  2 arribajim arribajim 4096 Jul 30 12:23 season02
dvdsimple:///dev/cdrom#6:1 ***********************************************
complete 3 /home/arribajim/Videos/season03d1cap06.mp4
total 12
drwxr-xr-x  3 arribajim arribajim 4096 Jul 30 12:45 .
drwxr-xr-x 23 arribajim arribajim 4096 Jul 29 05:16 ..
drwxrwxr-x  2 arribajim arribajim 4096 Jul 30 12:23 season02
Done
dvdsimple:///dev/cdrom#1:1 ***********************************************
complete 3 /home/arribajim/Videos/season03d1cap01.mp4
total 750664
drwxr-xr-x  3 arribajim arribajim      4096 Jul 30 12:48 .
drwxr-xr-x 23 arribajim arribajim      4096 Jul 29 05:16 ..
drwxrwxr-x  2 arribajim arribajim      4096 Jul 30 12:23 season02
-rw-rw-r--  1 arribajim arribajim 768662578 Jul 30 13:40 season03d1cap01.mp4
dvdsimple:///dev/cdrom#2:1 ***********************************************
complete 3 /home/arribajim/Videos/season03d1cap02.mp4
total 1468644
drwxr-xr-x  3 arribajim arribajim      4096 Jul 30 13:40 .
drwxr-xr-x 23 arribajim arribajim      4096 Jul 29 05:16 ..
drwxrwxr-x  2 arribajim arribajim      4096 Jul 30 12:23 season02
-rw-rw-r--  1 arribajim arribajim 768662578 Jul 30 13:40 season03d1cap01.mp4
-rw-rw-r--  1 arribajim arribajim 735207282 Jul 30 14:08 season03d1cap02.mp4
dvdsimple:///dev/cdrom#3:1 ***********************************************
complete 3 /home/arribajim/Videos/season03d1cap03.mp4
total 2187524
drwxr-xr-x  3 arribajim arribajim      4096 Jul 30 14:08 .
drwxr-xr-x 23 arribajim arribajim      4096 Jul 29 05:16 ..
drwxrwxr-x  2 arribajim arribajim      4096 Jul 30 12:23 season02
-rw-rw-r--  1 arribajim arribajim 768662578 Jul 30 13:40 season03d1cap01.mp4
-rw-rw-r--  1 arribajim arribajim 735207282 Jul 30 14:08 season03d1cap02.mp4
-rw-rw-r--  1 arribajim arribajim 736128503 Jul 30 14:34 season03d1cap03.mp4
dvdsimple:///dev/cdrom#4:1 ***********************************************
complete 3 /home/arribajim/Videos/season03d1cap04.mp4
total 2901620
drwxr-xr-x  3 arribajim arribajim      4096 Jul 30 14:34 .
drwxr-xr-x 23 arribajim arribajim      4096 Jul 29 05:16 ..
drwxrwxr-x  2 arribajim arribajim      4096 Jul 30 12:23 season02
-rw-rw-r--  1 arribajim arribajim 768662578 Jul 30 13:40 season03d1cap01.mp4
-rw-rw-r--  1 arribajim arribajim 735207282 Jul 30 14:08 season03d1cap02.mp4
-rw-rw-r--  1 arribajim arribajim 736128503 Jul 30 14:34 season03d1cap03.mp4
-rw-rw-r--  1 arribajim arribajim 731228569 Jul 30 15:01 season03d1cap04.mp4
dvdsimple:///dev/cdrom#5:1 ***********************************************
complete 3 /home/arribajim/Videos/season03d1cap05.mp4
total 3616584
drwxr-xr-x  3 arribajim arribajim      4096 Jul 30 15:01 .
drwxr-xr-x 23 arribajim arribajim      4096 Jul 29 05:16 ..
drwxrwxr-x  2 arribajim arribajim      4096 Jul 30 12:23 season02
-rw-rw-r--  1 arribajim arribajim 768662578 Jul 30 13:40 season03d1cap01.mp4
-rw-rw-r--  1 arribajim arribajim 735207282 Jul 30 14:08 season03d1cap02.mp4
-rw-rw-r--  1 arribajim arribajim 736128503 Jul 30 14:34 season03d1cap03.mp4
-rw-rw-r--  1 arribajim arribajim 731228569 Jul 30 15:01 season03d1cap04.mp4
-rw-rw-r--  1 arribajim arribajim 732115926 Jul 30 15:27 season03d1cap05.mp4
dvdsimple:///dev/cdrom#6:1 ***********************************************
complete 3 /home/arribajim/Videos/season03d1cap06.mp4
total 4330152
drwxr-xr-x  3 arribajim arribajim      4096 Jul 30 15:27 .
drwxr-xr-x 23 arribajim arribajim      4096 Jul 29 05:16 ..
drwxrwxr-x  2 arribajim arribajim      4096 Jul 30 12:23 season02
-rw-rw-r--  1 arribajim arribajim 768662578 Jul 30 13:40 season03d1cap01.mp4
-rw-rw-r--  1 arribajim arribajim 735207282 Jul 30 14:08 season03d1cap02.mp4
-rw-rw-r--  1 arribajim arribajim 736128503 Jul 30 14:34 season03d1cap03.mp4
-rw-rw-r--  1 arribajim arribajim 731228569 Jul 30 15:01 season03d1cap04.mp4
-rw-rw-r--  1 arribajim arribajim 732115926 Jul 30 15:27 season03d1cap05.mp4
-rw-rw-r--  1 arribajim arribajim 730689488 Jul 30 15:54 season03d1cap06.mp4
Done
dvdsimple:///dev/cdrom#1:1 ***********************************************
complete 3 /home/arribajim/Videos/season03d2cap01.mp4
total 5967320
drwxr-xr-x  3 arribajim arribajim      4096 Jul 30 18:54 .
drwxr-xr-x 23 arribajim arribajim      4096 Jul 29 05:16 ..
drwxrwxr-x  2 arribajim arribajim      4096 Jul 30 12:23 season02
-rw-rw-r--  1 arribajim arribajim 768662578 Jul 30 13:40 season03d1cap01.mp4
-rw-rw-r--  1 arribajim arribajim 735207282 Jul 30 14:08 season03d1cap02.mp4
-rw-rw-r--  1 arribajim arribajim 736128503 Jul 30 14:34 season03d1cap03.mp4
-rw-rw-r--  1 arribajim arribajim 731228569 Jul 30 15:01 season03d1cap04.mp4
-rw-rw-r--  1 arribajim arribajim 732115926 Jul 30 15:27 season03d1cap05.mp4
-rw-rw-r--  1 arribajim arribajim 730689488 Jul 30 15:54 season03d1cap06.mp4
-rw-rw-r--  1 arribajim arribajim 838428008 Jul 30 18:53 season03d2cap01-demo.mp4
-rw-rw-r--  1 arribajim arribajim 838021008 Jul 30 19:26 season03d2cap01.mp4
dvdsimple:///dev/cdrom#2:1 ***********************************************
complete 3 /home/arribajim/Videos/season03d2cap02.mp4
total 6713956
drwxr-xr-x  3 arribajim arribajim      4096 Jul 30 19:26 .
drwxr-xr-x 23 arribajim arribajim      4096 Jul 29 05:16 ..
drwxrwxr-x  2 arribajim arribajim      4096 Jul 30 12:23 season02
-rw-rw-r--  1 arribajim arribajim 768662578 Jul 30 13:40 season03d1cap01.mp4
-rw-rw-r--  1 arribajim arribajim 735207282 Jul 30 14:08 season03d1cap02.mp4
-rw-rw-r--  1 arribajim arribajim 736128503 Jul 30 14:34 season03d1cap03.mp4
-rw-rw-r--  1 arribajim arribajim 731228569 Jul 30 15:01 season03d1cap04.mp4
-rw-rw-r--  1 arribajim arribajim 732115926 Jul 30 15:27 season03d1cap05.mp4
-rw-rw-r--  1 arribajim arribajim 730689488 Jul 30 15:54 season03d1cap06.mp4
-rw-rw-r--  1 arribajim arribajim 838428008 Jul 30 18:53 season03d2cap01-demo.mp4
-rw-rw-r--  1 arribajim arribajim 838021008 Jul 30 19:26 season03d2cap01.mp4
-rw-rw-r--  1 arribajim arribajim 764550725 Jul 30 19:53 season03d2cap02.mp4
dvdsimple:///dev/cdrom#3:1 ***********************************************
complete 3 /home/arribajim/Videos/season03d2cap03.mp4
total 7427600
drwxr-xr-x  3 arribajim arribajim      4096 Jul 30 19:53 .
drwxr-xr-x 23 arribajim arribajim      4096 Jul 29 05:16 ..
drwxrwxr-x  2 arribajim arribajim      4096 Jul 30 12:23 season02
-rw-rw-r--  1 arribajim arribajim 768662578 Jul 30 13:40 season03d1cap01.mp4
-rw-rw-r--  1 arribajim arribajim 735207282 Jul 30 14:08 season03d1cap02.mp4
-rw-rw-r--  1 arribajim arribajim 736128503 Jul 30 14:34 season03d1cap03.mp4
-rw-rw-r--  1 arribajim arribajim 731228569 Jul 30 15:01 season03d1cap04.mp4
-rw-rw-r--  1 arribajim arribajim 732115926 Jul 30 15:27 season03d1cap05.mp4
-rw-rw-r--  1 arribajim arribajim 730689488 Jul 30 15:54 season03d1cap06.mp4
-rw-rw-r--  1 arribajim arribajim 838428008 Jul 30 18:53 season03d2cap01-demo.mp4
-rw-rw-r--  1 arribajim arribajim 838021008 Jul 30 19:26 season03d2cap01.mp4
-rw-rw-r--  1 arribajim arribajim 764550725 Jul 30 19:53 season03d2cap02.mp4
-rw-rw-r--  1 arribajim arribajim 730763695 Jul 30 20:20 season03d2cap03.mp4
dvdsimple:///dev/cdrom#4:1 ***********************************************
complete 3 /home/arribajim/Videos/season03d2cap04.mp4
total 8141528
drwxr-xr-x  3 arribajim arribajim      4096 Jul 30 20:20 .
drwxr-xr-x 23 arribajim arribajim      4096 Jul 29 05:16 ..
drwxrwxr-x  2 arribajim arribajim      4096 Jul 30 12:23 season02
-rw-rw-r--  1 arribajim arribajim 768662578 Jul 30 13:40 season03d1cap01.mp4
-rw-rw-r--  1 arribajim arribajim 735207282 Jul 30 14:08 season03d1cap02.mp4
-rw-rw-r--  1 arribajim arribajim 736128503 Jul 30 14:34 season03d1cap03.mp4
-rw-rw-r--  1 arribajim arribajim 731228569 Jul 30 15:01 season03d1cap04.mp4
-rw-rw-r--  1 arribajim arribajim 732115926 Jul 30 15:27 season03d1cap05.mp4
-rw-rw-r--  1 arribajim arribajim 730689488 Jul 30 15:54 season03d1cap06.mp4
-rw-rw-r--  1 arribajim arribajim 838428008 Jul 30 18:53 season03d2cap01-demo.mp4
-rw-rw-r--  1 arribajim arribajim 838021008 Jul 30 19:26 season03d2cap01.mp4
-rw-rw-r--  1 arribajim arribajim 764550725 Jul 30 19:53 season03d2cap02.mp4
-rw-rw-r--  1 arribajim arribajim 730763695 Jul 30 20:20 season03d2cap03.mp4
-rw-rw-r--  1 arribajim arribajim 731056658 Jul 30 20:47 season03d2cap04.mp4
dvdsimple:///dev/cdrom#5:1 ***********************************************
complete 3 /home/arribajim/Videos/season03d2cap05.mp4
total 8855340
drwxr-xr-x  3 arribajim arribajim      4096 Jul 30 20:47 .
drwxr-xr-x 23 arribajim arribajim      4096 Jul 29 05:16 ..
drwxrwxr-x  2 arribajim arribajim      4096 Jul 30 12:23 season02
-rw-rw-r--  1 arribajim arribajim 768662578 Jul 30 13:40 season03d1cap01.mp4
-rw-rw-r--  1 arribajim arribajim 735207282 Jul 30 14:08 season03d1cap02.mp4
-rw-rw-r--  1 arribajim arribajim 736128503 Jul 30 14:34 season03d1cap03.mp4
-rw-rw-r--  1 arribajim arribajim 731228569 Jul 30 15:01 season03d1cap04.mp4
-rw-rw-r--  1 arribajim arribajim 732115926 Jul 30 15:27 season03d1cap05.mp4
-rw-rw-r--  1 arribajim arribajim 730689488 Jul 30 15:54 season03d1cap06.mp4
-rw-rw-r--  1 arribajim arribajim 838428008 Jul 30 18:53 season03d2cap01-demo.mp4
-rw-rw-r--  1 arribajim arribajim 838021008 Jul 30 19:26 season03d2cap01.mp4
-rw-rw-r--  1 arribajim arribajim 764550725 Jul 30 19:53 season03d2cap02.mp4
-rw-rw-r--  1 arribajim arribajim 730763695 Jul 30 20:20 season03d2cap03.mp4
-rw-rw-r--  1 arribajim arribajim 731056658 Jul 30 20:47 season03d2cap04.mp4
-rw-rw-r--  1 arribajim arribajim 730938145 Jul 30 21:14 season03d2cap05.mp4
dvdsimple:///dev/cdrom#6:1 ***********************************************
complete 3 /home/arribajim/Videos/season03d2cap06.mp4
total 9570436
drwxr-xr-x  3 arribajim arribajim      4096 Jul 30 21:14 .
drwxr-xr-x 23 arribajim arribajim      4096 Jul 29 05:16 ..
drwxrwxr-x  2 arribajim arribajim      4096 Jul 30 12:23 season02
-rw-rw-r--  1 arribajim arribajim 768662578 Jul 30 13:40 season03d1cap01.mp4
-rw-rw-r--  1 arribajim arribajim 735207282 Jul 30 14:08 season03d1cap02.mp4
-rw-rw-r--  1 arribajim arribajim 736128503 Jul 30 14:34 season03d1cap03.mp4
-rw-rw-r--  1 arribajim arribajim 731228569 Jul 30 15:01 season03d1cap04.mp4
-rw-rw-r--  1 arribajim arribajim 732115926 Jul 30 15:27 season03d1cap05.mp4
-rw-rw-r--  1 arribajim arribajim 730689488 Jul 30 15:54 season03d1cap06.mp4
-rw-rw-r--  1 arribajim arribajim 838428008 Jul 30 18:53 season03d2cap01-demo.mp4
-rw-rw-r--  1 arribajim arribajim 838021008 Jul 30 19:26 season03d2cap01.mp4
-rw-rw-r--  1 arribajim arribajim 764550725 Jul 30 19:53 season03d2cap02.mp4
-rw-rw-r--  1 arribajim arribajim 730763695 Jul 30 20:20 season03d2cap03.mp4
-rw-rw-r--  1 arribajim arribajim 731056658 Jul 30 20:47 season03d2cap04.mp4
-rw-rw-r--  1 arribajim arribajim 730938145 Jul 30 21:14 season03d2cap05.mp4
-rw-rw-r--  1 arribajim arribajim 732253143 Jul 30 21:41 season03d2cap06.mp4
Done
dvdsimple:///dev/cdrom#1:1 ***********************************************
complete 3 /home/arribajim/Videos/season03d3cap01.mp4
total 10285612
drwxr-xr-x  3 arribajim arribajim      4096 Jul 31 10:20 .
drwxr-xr-x 23 arribajim arribajim      4096 Jul 29 05:16 ..
drwxrwxr-x  2 arribajim arribajim      4096 Jul 30 12:23 season02
-rw-rw-r--  1 arribajim arribajim 768662578 Jul 30 13:40 season03d1cap01.mp4
-rw-rw-r--  1 arribajim arribajim 735207282 Jul 30 14:08 season03d1cap02.mp4
-rw-rw-r--  1 arribajim arribajim 736128503 Jul 30 14:34 season03d1cap03.mp4
-rw-rw-r--  1 arribajim arribajim 731228569 Jul 30 15:01 season03d1cap04.mp4
-rw-rw-r--  1 arribajim arribajim 732115926 Jul 30 15:27 season03d1cap05.mp4
-rw-rw-r--  1 arribajim arribajim 730689488 Jul 30 15:54 season03d1cap06.mp4
-rw-rw-r--  1 arribajim arribajim 838428008 Jul 30 18:53 season03d2cap01-demo.mp4
-rw-rw-r--  1 arribajim arribajim 838021008 Jul 30 19:26 season03d2cap01.mp4
-rw-rw-r--  1 arribajim arribajim 764550725 Jul 30 19:53 season03d2cap02.mp4
-rw-rw-r--  1 arribajim arribajim 730763695 Jul 30 20:20 season03d2cap03.mp4
-rw-rw-r--  1 arribajim arribajim 731056658 Jul 30 20:47 season03d2cap04.mp4
-rw-rw-r--  1 arribajim arribajim 730938145 Jul 30 21:14 season03d2cap05.mp4
-rw-rw-r--  1 arribajim arribajim 732253143 Jul 30 21:41 season03d2cap06.mp4
-rw-rw-r--  1 arribajim arribajim 732335813 Jul 31 11:11 season03d3cap01.mp4
dvdsimple:///dev/cdrom#2:1 ***********************************************
complete 3 /home/arribajim/Videos/season03d3cap02.mp4
total 11003852
drwxr-xr-x  3 arribajim arribajim      4096 Jul 31 11:11 .
drwxr-xr-x 23 arribajim arribajim      4096 Jul 29 05:16 ..
drwxrwxr-x  2 arribajim arribajim      4096 Jul 30 12:23 season02
-rw-rw-r--  1 arribajim arribajim 768662578 Jul 30 13:40 season03d1cap01.mp4
-rw-rw-r--  1 arribajim arribajim 735207282 Jul 30 14:08 season03d1cap02.mp4
-rw-rw-r--  1 arribajim arribajim 736128503 Jul 30 14:34 season03d1cap03.mp4
-rw-rw-r--  1 arribajim arribajim 731228569 Jul 30 15:01 season03d1cap04.mp4
-rw-rw-r--  1 arribajim arribajim 732115926 Jul 30 15:27 season03d1cap05.mp4
-rw-rw-r--  1 arribajim arribajim 730689488 Jul 30 15:54 season03d1cap06.mp4
-rw-rw-r--  1 arribajim arribajim 838428008 Jul 30 18:53 season03d2cap01-demo.mp4
-rw-rw-r--  1 arribajim arribajim 838021008 Jul 30 19:26 season03d2cap01.mp4
-rw-rw-r--  1 arribajim arribajim 764550725 Jul 30 19:53 season03d2cap02.mp4
-rw-rw-r--  1 arribajim arribajim 730763695 Jul 30 20:20 season03d2cap03.mp4
-rw-rw-r--  1 arribajim arribajim 731056658 Jul 30 20:47 season03d2cap04.mp4
-rw-rw-r--  1 arribajim arribajim 730938145 Jul 30 21:14 season03d2cap05.mp4
-rw-rw-r--  1 arribajim arribajim 732253143 Jul 30 21:41 season03d2cap06.mp4
-rw-rw-r--  1 arribajim arribajim 732335813 Jul 31 11:11 season03d3cap01.mp4
-rw-rw-r--  1 arribajim arribajim 735472797 Jul 31 11:38 season03d3cap02.mp4
dvdsimple:///dev/cdrom#3:1 ***********************************************
complete 3 /home/arribajim/Videos/season03d3cap03.mp4
total 11718572
drwxr-xr-x  3 arribajim arribajim      4096 Jul 31 11:38 .
drwxr-xr-x 23 arribajim arribajim      4096 Jul 29 05:16 ..
drwxrwxr-x  2 arribajim arribajim      4096 Jul 30 12:23 season02
-rw-rw-r--  1 arribajim arribajim 768662578 Jul 30 13:40 season03d1cap01.mp4
-rw-rw-r--  1 arribajim arribajim 735207282 Jul 30 14:08 season03d1cap02.mp4
-rw-rw-r--  1 arribajim arribajim 736128503 Jul 30 14:34 season03d1cap03.mp4
-rw-rw-r--  1 arribajim arribajim 731228569 Jul 30 15:01 season03d1cap04.mp4
-rw-rw-r--  1 arribajim arribajim 732115926 Jul 30 15:27 season03d1cap05.mp4
-rw-rw-r--  1 arribajim arribajim 730689488 Jul 30 15:54 season03d1cap06.mp4
-rw-rw-r--  1 arribajim arribajim 838428008 Jul 30 18:53 season03d2cap01-demo.mp4
-rw-rw-r--  1 arribajim arribajim 838021008 Jul 30 19:26 season03d2cap01.mp4
-rw-rw-r--  1 arribajim arribajim 764550725 Jul 30 19:53 season03d2cap02.mp4
-rw-rw-r--  1 arribajim arribajim 730763695 Jul 30 20:20 season03d2cap03.mp4
-rw-rw-r--  1 arribajim arribajim 731056658 Jul 30 20:47 season03d2cap04.mp4
-rw-rw-r--  1 arribajim arribajim 730938145 Jul 30 21:14 season03d2cap05.mp4
-rw-rw-r--  1 arribajim arribajim 732253143 Jul 30 21:41 season03d2cap06.mp4
-rw-rw-r--  1 arribajim arribajim 732335813 Jul 31 11:11 season03d3cap01.mp4
-rw-rw-r--  1 arribajim arribajim 735472797 Jul 31 11:38 season03d3cap02.mp4
-rw-rw-r--  1 arribajim arribajim 731867216 Jul 31 12:05 season03d3cap03.mp4
dvdsimple:///dev/cdrom#4:1 ***********************************************
complete 3 /home/arribajim/Videos/season03d3cap04.mp4
total 12466072
drwxr-xr-x  3 arribajim arribajim      4096 Jul 31 12:05 .
drwxr-xr-x 23 arribajim arribajim      4096 Jul 29 05:16 ..
drwxrwxr-x  2 arribajim arribajim      4096 Jul 30 12:23 season02
-rw-rw-r--  1 arribajim arribajim 768662578 Jul 30 13:40 season03d1cap01.mp4
-rw-rw-r--  1 arribajim arribajim 735207282 Jul 30 14:08 season03d1cap02.mp4
-rw-rw-r--  1 arribajim arribajim 736128503 Jul 30 14:34 season03d1cap03.mp4
-rw-rw-r--  1 arribajim arribajim 731228569 Jul 30 15:01 season03d1cap04.mp4
-rw-rw-r--  1 arribajim arribajim 732115926 Jul 30 15:27 season03d1cap05.mp4
-rw-rw-r--  1 arribajim arribajim 730689488 Jul 30 15:54 season03d1cap06.mp4
-rw-rw-r--  1 arribajim arribajim 838428008 Jul 30 18:53 season03d2cap01-demo.mp4
-rw-rw-r--  1 arribajim arribajim 838021008 Jul 30 19:26 season03d2cap01.mp4
-rw-rw-r--  1 arribajim arribajim 764550725 Jul 30 19:53 season03d2cap02.mp4
-rw-rw-r--  1 arribajim arribajim 730763695 Jul 30 20:20 season03d2cap03.mp4
-rw-rw-r--  1 arribajim arribajim 731056658 Jul 30 20:47 season03d2cap04.mp4
-rw-rw-r--  1 arribajim arribajim 730938145 Jul 30 21:14 season03d2cap05.mp4
-rw-rw-r--  1 arribajim arribajim 732253143 Jul 30 21:41 season03d2cap06.mp4
-rw-rw-r--  1 arribajim arribajim 732335813 Jul 31 11:11 season03d3cap01.mp4
-rw-rw-r--  1 arribajim arribajim 735472797 Jul 31 11:38 season03d3cap02.mp4
-rw-rw-r--  1 arribajim arribajim 731867216 Jul 31 12:05 season03d3cap03.mp4
-rw-rw-r--  1 arribajim arribajim 765433583 Jul 31 12:33 season03d3cap04.mp4
dvdsimple:///dev/cdrom#5:1 ***********************************************
complete 3 /home/arribajim/Videos/season03d3cap05.mp4
total 13189532
drwxr-xr-x  3 arribajim arribajim      4096 Jul 31 12:33 .
drwxr-xr-x 23 arribajim arribajim      4096 Jul 29 05:16 ..
drwxrwxr-x  2 arribajim arribajim      4096 Jul 30 12:23 season02
-rw-rw-r--  1 arribajim arribajim 768662578 Jul 30 13:40 season03d1cap01.mp4
-rw-rw-r--  1 arribajim arribajim 735207282 Jul 30 14:08 season03d1cap02.mp4
-rw-rw-r--  1 arribajim arribajim 736128503 Jul 30 14:34 season03d1cap03.mp4
-rw-rw-r--  1 arribajim arribajim 731228569 Jul 30 15:01 season03d1cap04.mp4
-rw-rw-r--  1 arribajim arribajim 732115926 Jul 30 15:27 season03d1cap05.mp4
-rw-rw-r--  1 arribajim arribajim 730689488 Jul 30 15:54 season03d1cap06.mp4
-rw-rw-r--  1 arribajim arribajim 838428008 Jul 30 18:53 season03d2cap01-demo.mp4
-rw-rw-r--  1 arribajim arribajim 838021008 Jul 30 19:26 season03d2cap01.mp4
-rw-rw-r--  1 arribajim arribajim 764550725 Jul 30 19:53 season03d2cap02.mp4
-rw-rw-r--  1 arribajim arribajim 730763695 Jul 30 20:20 season03d2cap03.mp4
-rw-rw-r--  1 arribajim arribajim 731056658 Jul 30 20:47 season03d2cap04.mp4
-rw-rw-r--  1 arribajim arribajim 730938145 Jul 30 21:14 season03d2cap05.mp4
-rw-rw-r--  1 arribajim arribajim 732253143 Jul 30 21:41 season03d2cap06.mp4
-rw-rw-r--  1 arribajim arribajim 732335813 Jul 31 11:11 season03d3cap01.mp4
-rw-rw-r--  1 arribajim arribajim 735472797 Jul 31 11:38 season03d3cap02.mp4
-rw-rw-r--  1 arribajim arribajim 731867216 Jul 31 12:05 season03d3cap03.mp4
-rw-rw-r--  1 arribajim arribajim 765433583 Jul 31 12:33 season03d3cap04.mp4
-rw-rw-r--  1 arribajim arribajim 740818722 Jul 31 13:00 season03d3cap05.mp4
dvdsimple:///dev/cdrom#6:1 ***********************************************
complete 3 /home/arribajim/Videos/season03d3cap06.mp4
total 13936628
drwxr-xr-x  3 arribajim arribajim      4096 Jul 31 13:00 .
drwxr-xr-x 23 arribajim arribajim      4096 Jul 29 05:16 ..
drwxrwxr-x  2 arribajim arribajim      4096 Jul 30 12:23 season02
-rw-rw-r--  1 arribajim arribajim 768662578 Jul 30 13:40 season03d1cap01.mp4
-rw-rw-r--  1 arribajim arribajim 735207282 Jul 30 14:08 season03d1cap02.mp4
-rw-rw-r--  1 arribajim arribajim 736128503 Jul 30 14:34 season03d1cap03.mp4
-rw-rw-r--  1 arribajim arribajim 731228569 Jul 30 15:01 season03d1cap04.mp4
-rw-rw-r--  1 arribajim arribajim 732115926 Jul 30 15:27 season03d1cap05.mp4
-rw-rw-r--  1 arribajim arribajim 730689488 Jul 30 15:54 season03d1cap06.mp4
-rw-rw-r--  1 arribajim arribajim 838428008 Jul 30 18:53 season03d2cap01-demo.mp4
-rw-rw-r--  1 arribajim arribajim 838021008 Jul 30 19:26 season03d2cap01.mp4
-rw-rw-r--  1 arribajim arribajim 764550725 Jul 30 19:53 season03d2cap02.mp4
-rw-rw-r--  1 arribajim arribajim 730763695 Jul 30 20:20 season03d2cap03.mp4
-rw-rw-r--  1 arribajim arribajim 731056658 Jul 30 20:47 season03d2cap04.mp4
-rw-rw-r--  1 arribajim arribajim 730938145 Jul 30 21:14 season03d2cap05.mp4
-rw-rw-r--  1 arribajim arribajim 732253143 Jul 30 21:41 season03d2cap06.mp4
-rw-rw-r--  1 arribajim arribajim 732335813 Jul 31 11:11 season03d3cap01.mp4
-rw-rw-r--  1 arribajim arribajim 735472797 Jul 31 11:38 season03d3cap02.mp4
-rw-rw-r--  1 arribajim arribajim 731867216 Jul 31 12:05 season03d3cap03.mp4
-rw-rw-r--  1 arribajim arribajim 765433583 Jul 31 12:33 season03d3cap04.mp4
-rw-rw-r--  1 arribajim arribajim 740818722 Jul 31 13:00 season03d3cap05.mp4
-rw-rw-r--  1 arribajim arribajim 765018866 Jul 31 13:27 season03d3cap06.mp4
Done
dvdsimple:///dev/cdrom#1:1 ***********************************************
complete 3 /home/arribajim/Videos/season03d4cap01.mp4
total 13830044
drwxr-xr-x  3 arribajim arribajim      4096 Jul 31 14:51 .
drwxr-xr-x 23 arribajim arribajim      4096 Jul 29 05:16 ..
drwxrwxr-x  2 arribajim arribajim      4096 Jul 30 12:23 season02
-rw-rw-r--  1 arribajim arribajim 768662578 Jul 30 13:40 season03d1cap01.mp4
-rw-rw-r--  1 arribajim arribajim 735207282 Jul 30 14:08 season03d1cap02.mp4
-rw-rw-r--  1 arribajim arribajim 736128503 Jul 30 14:34 season03d1cap03.mp4
-rw-rw-r--  1 arribajim arribajim 731228569 Jul 30 15:01 season03d1cap04.mp4
-rw-rw-r--  1 arribajim arribajim 732115926 Jul 30 15:27 season03d1cap05.mp4
-rw-rw-r--  1 arribajim arribajim 730689488 Jul 30 15:54 season03d1cap06.mp4
-rw-rw-r--  1 arribajim arribajim 838021008 Jul 30 19:26 season03d2cap01.mp4
-rw-rw-r--  1 arribajim arribajim 764550725 Jul 30 19:53 season03d2cap02.mp4
-rw-rw-r--  1 arribajim arribajim 730763695 Jul 30 20:20 season03d2cap03.mp4
-rw-rw-r--  1 arribajim arribajim 731056658 Jul 30 20:47 season03d2cap04.mp4
-rw-rw-r--  1 arribajim arribajim 730938145 Jul 30 21:14 season03d2cap05.mp4
-rw-rw-r--  1 arribajim arribajim 732253143 Jul 30 21:41 season03d2cap06.mp4
-rw-rw-r--  1 arribajim arribajim 732335813 Jul 31 11:11 season03d3cap01.mp4
-rw-rw-r--  1 arribajim arribajim 735472797 Jul 31 11:38 season03d3cap02.mp4
-rw-rw-r--  1 arribajim arribajim 731867216 Jul 31 12:05 season03d3cap03.mp4
-rw-rw-r--  1 arribajim arribajim 765433583 Jul 31 12:33 season03d3cap04.mp4
-rw-rw-r--  1 arribajim arribajim 740818722 Jul 31 13:00 season03d3cap05.mp4
-rw-rw-r--  1 arribajim arribajim 765018866 Jul 31 13:27 season03d3cap06.mp4
-rw-rw-r--  1 arribajim arribajim 729285842 Jul 31 15:44 season03d4cap01.mp4
dvdsimple:///dev/cdrom#2:1 ***********************************************
complete 3 /home/arribajim/Videos/season03d4cap02.mp4
total 14544848
drwxr-xr-x  3 arribajim arribajim      4096 Jul 31 15:44 .
drwxr-xr-x 23 arribajim arribajim      4096 Jul 29 05:16 ..
drwxrwxr-x  2 arribajim arribajim      4096 Jul 30 12:23 season02
-rw-rw-r--  1 arribajim arribajim 768662578 Jul 30 13:40 season03d1cap01.mp4
-rw-rw-r--  1 arribajim arribajim 735207282 Jul 30 14:08 season03d1cap02.mp4
-rw-rw-r--  1 arribajim arribajim 736128503 Jul 30 14:34 season03d1cap03.mp4
-rw-rw-r--  1 arribajim arribajim 731228569 Jul 30 15:01 season03d1cap04.mp4
-rw-rw-r--  1 arribajim arribajim 732115926 Jul 30 15:27 season03d1cap05.mp4
-rw-rw-r--  1 arribajim arribajim 730689488 Jul 30 15:54 season03d1cap06.mp4
-rw-rw-r--  1 arribajim arribajim 838021008 Jul 30 19:26 season03d2cap01.mp4
-rw-rw-r--  1 arribajim arribajim 764550725 Jul 30 19:53 season03d2cap02.mp4
-rw-rw-r--  1 arribajim arribajim 730763695 Jul 30 20:20 season03d2cap03.mp4
-rw-rw-r--  1 arribajim arribajim 731056658 Jul 30 20:47 season03d2cap04.mp4
-rw-rw-r--  1 arribajim arribajim 730938145 Jul 30 21:14 season03d2cap05.mp4
-rw-rw-r--  1 arribajim arribajim 732253143 Jul 30 21:41 season03d2cap06.mp4
-rw-rw-r--  1 arribajim arribajim 732335813 Jul 31 11:11 season03d3cap01.mp4
-rw-rw-r--  1 arribajim arribajim 735472797 Jul 31 11:38 season03d3cap02.mp4
-rw-rw-r--  1 arribajim arribajim 731867216 Jul 31 12:05 season03d3cap03.mp4
-rw-rw-r--  1 arribajim arribajim 765433583 Jul 31 12:33 season03d3cap04.mp4
-rw-rw-r--  1 arribajim arribajim 740818722 Jul 31 13:00 season03d3cap05.mp4
-rw-rw-r--  1 arribajim arribajim 765018866 Jul 31 13:27 season03d3cap06.mp4
-rw-rw-r--  1 arribajim arribajim 729285842 Jul 31 15:44 season03d4cap01.mp4
-rw-rw-r--  1 arribajim arribajim 731954425 Jul 31 16:11 season03d4cap02.mp4
dvdsimple:///dev/cdrom#3:1 ***********************************************
complete 3 /home/arribajim/Videos/season03d4cap03.mp4
total 15257384
drwxr-xr-x  3 arribajim arribajim      4096 Jul 31 16:11 .
drwxr-xr-x 23 arribajim arribajim      4096 Jul 29 05:16 ..
drwxrwxr-x  2 arribajim arribajim      4096 Jul 30 12:23 season02
-rw-rw-r--  1 arribajim arribajim 768662578 Jul 30 13:40 season03d1cap01.mp4
-rw-rw-r--  1 arribajim arribajim 735207282 Jul 30 14:08 season03d1cap02.mp4
-rw-rw-r--  1 arribajim arribajim 736128503 Jul 30 14:34 season03d1cap03.mp4
-rw-rw-r--  1 arribajim arribajim 731228569 Jul 30 15:01 season03d1cap04.mp4
-rw-rw-r--  1 arribajim arribajim 732115926 Jul 30 15:27 season03d1cap05.mp4
-rw-rw-r--  1 arribajim arribajim 730689488 Jul 30 15:54 season03d1cap06.mp4
-rw-rw-r--  1 arribajim arribajim 838021008 Jul 30 19:26 season03d2cap01.mp4
-rw-rw-r--  1 arribajim arribajim 764550725 Jul 30 19:53 season03d2cap02.mp4
-rw-rw-r--  1 arribajim arribajim 730763695 Jul 30 20:20 season03d2cap03.mp4
-rw-rw-r--  1 arribajim arribajim 731056658 Jul 30 20:47 season03d2cap04.mp4
-rw-rw-r--  1 arribajim arribajim 730938145 Jul 30 21:14 season03d2cap05.mp4
-rw-rw-r--  1 arribajim arribajim 732253143 Jul 30 21:41 season03d2cap06.mp4
-rw-rw-r--  1 arribajim arribajim 732335813 Jul 31 11:11 season03d3cap01.mp4
-rw-rw-r--  1 arribajim arribajim 735472797 Jul 31 11:38 season03d3cap02.mp4
-rw-rw-r--  1 arribajim arribajim 731867216 Jul 31 12:05 season03d3cap03.mp4
-rw-rw-r--  1 arribajim arribajim 765433583 Jul 31 12:33 season03d3cap04.mp4
-rw-rw-r--  1 arribajim arribajim 740818722 Jul 31 13:00 season03d3cap05.mp4
-rw-rw-r--  1 arribajim arribajim 765018866 Jul 31 13:27 season03d3cap06.mp4
-rw-rw-r--  1 arribajim arribajim 729285842 Jul 31 15:44 season03d4cap01.mp4
-rw-rw-r--  1 arribajim arribajim 731954425 Jul 31 16:11 season03d4cap02.mp4
-rw-rw-r--  1 arribajim arribajim 729630063 Jul 31 16:38 season03d4cap03.mp4
dvdsimple:///dev/cdrom#4:1 ***********************************************
complete 3 /home/arribajim/Videos/season03d4cap04.mp4
total 15969092
drwxr-xr-x  3 arribajim arribajim      4096 Jul 31 16:38 .
drwxr-xr-x 23 arribajim arribajim      4096 Jul 29 05:16 ..
drwxrwxr-x  2 arribajim arribajim      4096 Jul 30 12:23 season02
-rw-rw-r--  1 arribajim arribajim 768662578 Jul 30 13:40 season03d1cap01.mp4
-rw-rw-r--  1 arribajim arribajim 735207282 Jul 30 14:08 season03d1cap02.mp4
-rw-rw-r--  1 arribajim arribajim 736128503 Jul 30 14:34 season03d1cap03.mp4
-rw-rw-r--  1 arribajim arribajim 731228569 Jul 30 15:01 season03d1cap04.mp4
-rw-rw-r--  1 arribajim arribajim 732115926 Jul 30 15:27 season03d1cap05.mp4
-rw-rw-r--  1 arribajim arribajim 730689488 Jul 30 15:54 season03d1cap06.mp4
-rw-rw-r--  1 arribajim arribajim 838021008 Jul 30 19:26 season03d2cap01.mp4
-rw-rw-r--  1 arribajim arribajim 764550725 Jul 30 19:53 season03d2cap02.mp4
-rw-rw-r--  1 arribajim arribajim 730763695 Jul 30 20:20 season03d2cap03.mp4
-rw-rw-r--  1 arribajim arribajim 731056658 Jul 30 20:47 season03d2cap04.mp4
-rw-rw-r--  1 arribajim arribajim 730938145 Jul 30 21:14 season03d2cap05.mp4
-rw-rw-r--  1 arribajim arribajim 732253143 Jul 30 21:41 season03d2cap06.mp4
-rw-rw-r--  1 arribajim arribajim 732335813 Jul 31 11:11 season03d3cap01.mp4
-rw-rw-r--  1 arribajim arribajim 735472797 Jul 31 11:38 season03d3cap02.mp4
-rw-rw-r--  1 arribajim arribajim 731867216 Jul 31 12:05 season03d3cap03.mp4
-rw-rw-r--  1 arribajim arribajim 765433583 Jul 31 12:33 season03d3cap04.mp4
-rw-rw-r--  1 arribajim arribajim 740818722 Jul 31 13:00 season03d3cap05.mp4
-rw-rw-r--  1 arribajim arribajim 765018866 Jul 31 13:27 season03d3cap06.mp4
-rw-rw-r--  1 arribajim arribajim 729285842 Jul 31 15:44 season03d4cap01.mp4
-rw-rw-r--  1 arribajim arribajim 731954425 Jul 31 16:11 season03d4cap02.mp4
-rw-rw-r--  1 arribajim arribajim 729630063 Jul 31 16:38 season03d4cap03.mp4
-rw-rw-r--  1 arribajim arribajim 728781638 Jul 31 17:05 season03d4cap04.mp4
dvdsimple:///dev/cdrom#5:1 ***********************************************
complete 3 /home/arribajim/Videos/season03d4cap05.mp4
total 16691044
drwxr-xr-x  3 arribajim arribajim      4096 Jul 31 17:05 .
drwxr-xr-x 23 arribajim arribajim      4096 Jul 29 05:16 ..
drwxrwxr-x  2 arribajim arribajim      4096 Jul 30 12:23 season02
-rw-rw-r--  1 arribajim arribajim 768662578 Jul 30 13:40 season03d1cap01.mp4
-rw-rw-r--  1 arribajim arribajim 735207282 Jul 30 14:08 season03d1cap02.mp4
-rw-rw-r--  1 arribajim arribajim 736128503 Jul 30 14:34 season03d1cap03.mp4
-rw-rw-r--  1 arribajim arribajim 731228569 Jul 30 15:01 season03d1cap04.mp4
-rw-rw-r--  1 arribajim arribajim 732115926 Jul 30 15:27 season03d1cap05.mp4
-rw-rw-r--  1 arribajim arribajim 730689488 Jul 30 15:54 season03d1cap06.mp4
-rw-rw-r--  1 arribajim arribajim 838021008 Jul 30 19:26 season03d2cap01.mp4
-rw-rw-r--  1 arribajim arribajim 764550725 Jul 30 19:53 season03d2cap02.mp4
-rw-rw-r--  1 arribajim arribajim 730763695 Jul 30 20:20 season03d2cap03.mp4
-rw-rw-r--  1 arribajim arribajim 731056658 Jul 30 20:47 season03d2cap04.mp4
-rw-rw-r--  1 arribajim arribajim 730938145 Jul 30 21:14 season03d2cap05.mp4
-rw-rw-r--  1 arribajim arribajim 732253143 Jul 30 21:41 season03d2cap06.mp4
-rw-rw-r--  1 arribajim arribajim 732335813 Jul 31 11:11 season03d3cap01.mp4
-rw-rw-r--  1 arribajim arribajim 735472797 Jul 31 11:38 season03d3cap02.mp4
-rw-rw-r--  1 arribajim arribajim 731867216 Jul 31 12:05 season03d3cap03.mp4
-rw-rw-r--  1 arribajim arribajim 765433583 Jul 31 12:33 season03d3cap04.mp4
-rw-rw-r--  1 arribajim arribajim 740818722 Jul 31 13:00 season03d3cap05.mp4
-rw-rw-r--  1 arribajim arribajim 765018866 Jul 31 13:27 season03d3cap06.mp4
-rw-rw-r--  1 arribajim arribajim 729285842 Jul 31 15:44 season03d4cap01.mp4
-rw-rw-r--  1 arribajim arribajim 731954425 Jul 31 16:11 season03d4cap02.mp4
-rw-rw-r--  1 arribajim arribajim 729630063 Jul 31 16:38 season03d4cap03.mp4
-rw-rw-r--  1 arribajim arribajim 728781638 Jul 31 17:05 season03d4cap04.mp4
-rw-rw-r--  1 arribajim arribajim 739272243 Jul 31 17:33 season03d4cap05.mp4
dvdsimple:///dev/cdrom#6:1 ***********************************************
complete 3 /home/arribajim/Videos/season03d4cap06.mp4
total 17393312
drwxr-xr-x  3 arribajim arribajim      4096 Jul 31 17:33 .
drwxr-xr-x 23 arribajim arribajim      4096 Jul 29 05:16 ..
drwxrwxr-x  2 arribajim arribajim      4096 Jul 30 12:23 season02
-rw-rw-r--  1 arribajim arribajim 768662578 Jul 30 13:40 season03d1cap01.mp4
-rw-rw-r--  1 arribajim arribajim 735207282 Jul 30 14:08 season03d1cap02.mp4
-rw-rw-r--  1 arribajim arribajim 736128503 Jul 30 14:34 season03d1cap03.mp4
-rw-rw-r--  1 arribajim arribajim 731228569 Jul 30 15:01 season03d1cap04.mp4
-rw-rw-r--  1 arribajim arribajim 732115926 Jul 30 15:27 season03d1cap05.mp4
-rw-rw-r--  1 arribajim arribajim 730689488 Jul 30 15:54 season03d1cap06.mp4
-rw-rw-r--  1 arribajim arribajim 838021008 Jul 30 19:26 season03d2cap01.mp4
-rw-rw-r--  1 arribajim arribajim 764550725 Jul 30 19:53 season03d2cap02.mp4
-rw-rw-r--  1 arribajim arribajim 730763695 Jul 30 20:20 season03d2cap03.mp4
-rw-rw-r--  1 arribajim arribajim 731056658 Jul 30 20:47 season03d2cap04.mp4
-rw-rw-r--  1 arribajim arribajim 730938145 Jul 30 21:14 season03d2cap05.mp4
-rw-rw-r--  1 arribajim arribajim 732253143 Jul 30 21:41 season03d2cap06.mp4
-rw-rw-r--  1 arribajim arribajim 732335813 Jul 31 11:11 season03d3cap01.mp4
-rw-rw-r--  1 arribajim arribajim 735472797 Jul 31 11:38 season03d3cap02.mp4
-rw-rw-r--  1 arribajim arribajim 731867216 Jul 31 12:05 season03d3cap03.mp4
-rw-rw-r--  1 arribajim arribajim 765433583 Jul 31 12:33 season03d3cap04.mp4
-rw-rw-r--  1 arribajim arribajim 740818722 Jul 31 13:00 season03d3cap05.mp4
-rw-rw-r--  1 arribajim arribajim 765018866 Jul 31 13:27 season03d3cap06.mp4
-rw-rw-r--  1 arribajim arribajim 729285842 Jul 31 15:44 season03d4cap01.mp4
-rw-rw-r--  1 arribajim arribajim 731954425 Jul 31 16:11 season03d4cap02.mp4
-rw-rw-r--  1 arribajim arribajim 729630063 Jul 31 16:38 season03d4cap03.mp4
-rw-rw-r--  1 arribajim arribajim 728781638 Jul 31 17:05 season03d4cap04.mp4
-rw-rw-r--  1 arribajim arribajim 739272243 Jul 31 17:33 season03d4cap05.mp4
-rw-rw-r--  1 arribajim arribajim 719115923 Jul 31 17:59 season03d4cap06.mp4
Done
dvdsimple:///dev/cdrom#1:1 ***********************************************
complete 4 /home/arribajim/Videos/season04d1cap01.mp4
total 811040
drwxr-xr-x  4 arribajim arribajim      4096 Jul 31 18:08 .
drwxr-xr-x 23 arribajim arribajim      4096 Jul 29 05:16 ..
drwxrwxr-x  2 arribajim arribajim      4096 Jul 30 12:23 season02
drwxrwxr-x  2 arribajim arribajim      4096 Jul 31 18:02 season03
-rw-rw-r--  1 arribajim arribajim 830483815 Jul 31 18:55 season04d1cap01.mp4
dvdsimple:///dev/cdrom#2:1 ***********************************************
complete 4 /home/arribajim/Videos/season04d1cap02.mp4
total 1525276
drwxr-xr-x  4 arribajim arribajim      4096 Jul 31 18:55 .
drwxr-xr-x 23 arribajim arribajim      4096 Jul 29 05:16 ..
drwxrwxr-x  2 arribajim arribajim      4096 Jul 30 12:23 season02
drwxrwxr-x  2 arribajim arribajim      4096 Jul 31 18:02 season03
-rw-rw-r--  1 arribajim arribajim 830483815 Jul 31 18:55 season04d1cap01.mp4
-rw-rw-r--  1 arribajim arribajim 731370979 Jul 31 19:23 season04d1cap02.mp4
dvdsimple:///dev/cdrom#3:1 ***********************************************
complete 4 /home/arribajim/Videos/season04d1cap03.mp4
total 2237716
drwxr-xr-x  4 arribajim arribajim      4096 Jul 31 19:23 .
drwxr-xr-x 23 arribajim arribajim      4096 Jul 29 05:16 ..
drwxrwxr-x  2 arribajim arribajim      4096 Jul 30 12:23 season02
drwxrwxr-x  2 arribajim arribajim      4096 Jul 31 18:02 season03
-rw-rw-r--  1 arribajim arribajim 830483815 Jul 31 18:55 season04d1cap01.mp4
-rw-rw-r--  1 arribajim arribajim 731370979 Jul 31 19:23 season04d1cap02.mp4
-rw-rw-r--  1 arribajim arribajim 729531490 Jul 31 19:49 season04d1cap03.mp4
dvdsimple:///dev/cdrom#4:1 ***********************************************
complete 4 /home/arribajim/Videos/season04d1cap04.mp4
total 2952924
drwxr-xr-x  4 arribajim arribajim      4096 Jul 31 19:49 .
drwxr-xr-x 23 arribajim arribajim      4096 Jul 29 05:16 ..
drwxrwxr-x  2 arribajim arribajim      4096 Jul 30 12:23 season02
drwxrwxr-x  2 arribajim arribajim      4096 Jul 31 18:02 season03
-rw-rw-r--  1 arribajim arribajim 830483815 Jul 31 18:55 season04d1cap01.mp4
-rw-rw-r--  1 arribajim arribajim 731370979 Jul 31 19:23 season04d1cap02.mp4
-rw-rw-r--  1 arribajim arribajim 729531490 Jul 31 19:49 season04d1cap03.mp4
-rw-rw-r--  1 arribajim arribajim 732365048 Jul 31 20:15 season04d1cap04.mp4
Done
dvdsimple:///dev/cdrom#1:1 ***********************************************
complete 4 /home/arribajim/Videos/season04d3cap01.mp4
total 3664400
drwxr-xr-x  4 arribajim arribajim      4096 Aug  1 12:01 .
drwxr-xr-x 23 arribajim arribajim      4096 Jul 29 05:16 ..
drwxrwxr-x  2 arribajim arribajim      4096 Jul 30 12:23 season02
drwxrwxr-x  2 arribajim arribajim      4096 Jul 31 18:02 season03
-rw-rw-r--  1 arribajim arribajim 830483815 Jul 31 18:55 season04d1cap01.mp4
-rw-rw-r--  1 arribajim arribajim 731370979 Jul 31 19:23 season04d1cap02.mp4
-rw-rw-r--  1 arribajim arribajim 729531490 Jul 31 19:49 season04d1cap03.mp4
-rw-rw-r--  1 arribajim arribajim 732365048 Jul 31 20:15 season04d1cap04.mp4
-rw-rw-r--  1 arribajim arribajim 728546284 Aug  1 12:50 season04d3cap01.mp4
dvdsimple:///dev/cdrom#2:1 ***********************************************
complete 4 /home/arribajim/Videos/season04d3cap02.mp4
total 4417172
drwxr-xr-x  4 arribajim arribajim      4096 Aug  1 12:50 .
drwxr-xr-x 23 arribajim arribajim      4096 Jul 29 05:16 ..
drwxrwxr-x  2 arribajim arribajim      4096 Jul 30 12:23 season02
drwxrwxr-x  2 arribajim arribajim      4096 Jul 31 18:02 season03
-rw-rw-r--  1 arribajim arribajim 830483815 Jul 31 18:55 season04d1cap01.mp4
-rw-rw-r--  1 arribajim arribajim 731370979 Jul 31 19:23 season04d1cap02.mp4
-rw-rw-r--  1 arribajim arribajim 729531490 Jul 31 19:49 season04d1cap03.mp4
-rw-rw-r--  1 arribajim arribajim 732365048 Jul 31 20:15 season04d1cap04.mp4
-rw-rw-r--  1 arribajim arribajim 728546284 Aug  1 12:50 season04d3cap01.mp4
-rw-rw-r--  1 arribajim arribajim 770831039 Aug  1 13:18 season04d3cap02.mp4
dvdsimple:///dev/cdrom#3:1 ***********************************************
complete 4 /home/arribajim/Videos/season04d3cap03.mp4
total 5128680
drwxr-xr-x  4 arribajim arribajim      4096 Aug  1 13:18 .
drwxr-xr-x 23 arribajim arribajim      4096 Jul 29 05:16 ..
drwxrwxr-x  2 arribajim arribajim      4096 Jul 30 12:23 season02
drwxrwxr-x  2 arribajim arribajim      4096 Jul 31 18:02 season03
-rw-rw-r--  1 arribajim arribajim 830483815 Jul 31 18:55 season04d1cap01.mp4
-rw-rw-r--  1 arribajim arribajim 731370979 Jul 31 19:23 season04d1cap02.mp4
-rw-rw-r--  1 arribajim arribajim 729531490 Jul 31 19:49 season04d1cap03.mp4
-rw-rw-r--  1 arribajim arribajim 732365048 Jul 31 20:15 season04d1cap04.mp4
-rw-rw-r--  1 arribajim arribajim 728546284 Aug  1 12:50 season04d3cap01.mp4
-rw-rw-r--  1 arribajim arribajim 770831039 Aug  1 13:18 season04d3cap02.mp4
-rw-rw-r--  1 arribajim arribajim 728577257 Aug  1 13:44 season04d3cap03.mp4
dvdsimple:///dev/cdrom#4:1 ***********************************************
complete 4 /home/arribajim/Videos/season04d3cap04.mp4
total 5847352
drwxr-xr-x  4 arribajim arribajim      4096 Aug  1 13:44 .
drwxr-xr-x 23 arribajim arribajim      4096 Jul 29 05:16 ..
drwxrwxr-x  2 arribajim arribajim      4096 Jul 30 12:23 season02
drwxrwxr-x  2 arribajim arribajim      4096 Jul 31 18:02 season03
-rw-rw-r--  1 arribajim arribajim 830483815 Jul 31 18:55 season04d1cap01.mp4
-rw-rw-r--  1 arribajim arribajim 731370979 Jul 31 19:23 season04d1cap02.mp4
-rw-rw-r--  1 arribajim arribajim 729531490 Jul 31 19:49 season04d1cap03.mp4
-rw-rw-r--  1 arribajim arribajim 732365048 Jul 31 20:15 season04d1cap04.mp4
-rw-rw-r--  1 arribajim arribajim 728546284 Aug  1 12:50 season04d3cap01.mp4
-rw-rw-r--  1 arribajim arribajim 770831039 Aug  1 13:18 season04d3cap02.mp4
-rw-rw-r--  1 arribajim arribajim 728577257 Aug  1 13:44 season04d3cap03.mp4
-rw-rw-r--  1 arribajim arribajim 735914656 Aug  1 14:11 season04d3cap04.mp4
dvdsimple:///dev/cdrom#5:1 ***********************************************
complete 4 /home/arribajim/Videos/season04d3cap05.mp4
total 6564736
drwxr-xr-x  4 arribajim arribajim      4096 Aug  1 14:11 .
drwxr-xr-x 23 arribajim arribajim      4096 Jul 29 05:16 ..
drwxrwxr-x  2 arribajim arribajim      4096 Jul 30 12:23 season02
drwxrwxr-x  2 arribajim arribajim      4096 Jul 31 18:02 season03
-rw-rw-r--  1 arribajim arribajim 830483815 Jul 31 18:55 season04d1cap01.mp4
-rw-rw-r--  1 arribajim arribajim 731370979 Jul 31 19:23 season04d1cap02.mp4
-rw-rw-r--  1 arribajim arribajim 729531490 Jul 31 19:49 season04d1cap03.mp4
-rw-rw-r--  1 arribajim arribajim 732365048 Jul 31 20:15 season04d1cap04.mp4
-rw-rw-r--  1 arribajim arribajim 728546284 Aug  1 12:50 season04d3cap01.mp4
-rw-rw-r--  1 arribajim arribajim 770831039 Aug  1 13:18 season04d3cap02.mp4
-rw-rw-r--  1 arribajim arribajim 728577257 Aug  1 13:44 season04d3cap03.mp4
-rw-rw-r--  1 arribajim arribajim 735914656 Aug  1 14:11 season04d3cap04.mp4
-rw-rw-r--  1 arribajim arribajim 734595217 Aug  1 14:37 season04d3cap05.mp4
dvdsimple:///dev/cdrom#6:1 ***********************************************
complete 4 /home/arribajim/Videos/season04d3cap06.mp4
total 7280224
drwxr-xr-x  4 arribajim arribajim      4096 Aug  1 14:37 .
drwxr-xr-x 23 arribajim arribajim      4096 Jul 29 05:16 ..
drwxrwxr-x  2 arribajim arribajim      4096 Jul 30 12:23 season02
drwxrwxr-x  2 arribajim arribajim      4096 Jul 31 18:02 season03
-rw-rw-r--  1 arribajim arribajim 830483815 Jul 31 18:55 season04d1cap01.mp4
-rw-rw-r--  1 arribajim arribajim 731370979 Jul 31 19:23 season04d1cap02.mp4
-rw-rw-r--  1 arribajim arribajim 729531490 Jul 31 19:49 season04d1cap03.mp4
-rw-rw-r--  1 arribajim arribajim 732365048 Jul 31 20:15 season04d1cap04.mp4
-rw-rw-r--  1 arribajim arribajim 728546284 Aug  1 12:50 season04d3cap01.mp4
-rw-rw-r--  1 arribajim arribajim 770831039 Aug  1 13:18 season04d3cap02.mp4
-rw-rw-r--  1 arribajim arribajim 728577257 Aug  1 13:44 season04d3cap03.mp4
-rw-rw-r--  1 arribajim arribajim 735914656 Aug  1 14:11 season04d3cap04.mp4
-rw-rw-r--  1 arribajim arribajim 734595217 Aug  1 14:37 season04d3cap05.mp4
-rw-rw-r--  1 arribajim arribajim 732652793 Aug  1 15:04 season04d3cap06.mp4
Done
